<?xml version="1.0" encoding="UTF-8"?>
<!-- Generated by org.testng.reporters.JUnitReportReporter -->
<testsuite hostname="DesktopMonitor-4th-Floor-room3" failures="0" tests="1" name="com.trello.qspiders.learnactionclass.ActionOnMyntra" time="14.597" errors="0" timestamp="2023-04-06T09:22:36 IST" skipped="0">
  <testcase classname="com.trello.qspiders.learnactionclass.ActionOnMyntra" name="withOutEleReferenceLoginToActitime" time="14.597"/>
  <system-out/>
</testsuite> <!-- com.trello.qspiders.learnactionclass.ActionOnMyntra -->
