<?xml version="1.0" encoding="UTF-8"?>
<!-- Generated by org.testng.reporters.JUnitReportReporter -->
<testsuite hostname="DesktopMonitor-4th-Floor-room3" failures="0" tests="1" name="com.trello.qspiders.learntestng.TestNGClass" time="0.001" errors="0" timestamp="2023-03-25T08:38:34 IST" skipped="0">
  <testcase classname="com.trello.qspiders.learntestng.TestNGClass" name="testCase_01" time="0.001"/>
  <system-out/>
</testsuite> <!-- com.trello.qspiders.learntestng.TestNGClass -->
