<?xml version="1.0" encoding="UTF-8"?>
<!-- Generated by org.testng.reporters.JUnitReportReporter -->
<testsuite hostname="DesktopMonitor-4th-Floor-room3" failures="0" tests="2" name="com.trello.qspiders.learntestng.GroupC" time="0.002" errors="0" timestamp="2023-03-25T10:01:46 IST" skipped="0">
  <testcase classname="com.trello.qspiders.learntestng.GroupC" name="nameG" time="0.001"/>
  <system-out/>
  <testcase classname="com.trello.qspiders.learntestng.GroupC" name="nameH" time="0.001"/>
  <system-out/>
</testsuite> <!-- com.trello.qspiders.learntestng.GroupC -->
