<?xml version="1.0" encoding="UTF-8"?>
<!-- Generated by org.testng.reporters.JUnitReportReporter -->
<testsuite hostname="DesktopMonitor-4th-Floor-room3" failures="0" tests="6" name="com.trello.qspiders.learntestng.UserDefinedOrder" time="0.003" errors="0" timestamp="2023-03-25T08:38:34 IST" skipped="0">
  <testcase classname="com.trello.qspiders.learntestng.UserDefinedOrder" name="watermelonTest" time="0.000"/>
  <system-out/>
  <testcase classname="com.trello.qspiders.learntestng.UserDefinedOrder" name="mangoTest" time="0.000"/>
  <system-out/>
  <testcase classname="com.trello.qspiders.learntestng.UserDefinedOrder" name="bananaTest" time="0.000"/>
  <system-out/>
  <testcase classname="com.trello.qspiders.learntestng.UserDefinedOrder" name="grapesTest" time="0.001"/>
  <system-out/>
  <testcase classname="com.trello.qspiders.learntestng.UserDefinedOrder" name="orangeTest" time="0.001"/>
  <system-out/>
  <testcase classname="com.trello.qspiders.learntestng.UserDefinedOrder" name="appleTest" time="0.001"/>
  <system-out/>
</testsuite> <!-- com.trello.qspiders.learntestng.UserDefinedOrder -->
