<?xml version="1.0" encoding="UTF-8"?>
<!-- Generated by org.testng.reporters.JUnitReportReporter -->
<testsuite hostname="DesktopMonitor-4th-Floor-room3" failures="0" tests="6" name="com.trello.qspiders.learntestng.DependsOnMethodsCheck" time="0.016" errors="0" timestamp="2023-03-27T09:05:01 IST" skipped="0">
  <testcase classname="com.trello.qspiders.learntestng.DependsOnMethodsCheck" name="signIn" time="0.006"/>
  <system-out/>
  <testcase classname="com.trello.qspiders.learntestng.DependsOnMethodsCheck" name="uploadProfilePic" time="0.002"/>
  <system-out/>
  <testcase classname="com.trello.qspiders.learntestng.DependsOnMethodsCheck" name="login" time="0.002"/>
  <system-out/>
  <testcase classname="com.trello.qspiders.learntestng.DependsOnMethodsCheck" name="logout" time="0.002"/>
  <system-out/>
  <testcase classname="com.trello.qspiders.learntestng.DependsOnMethodsCheck" name="sendFriendRequest" time="0.002"/>
  <system-out/>
  <testcase classname="com.trello.qspiders.learntestng.DependsOnMethodsCheck" name="acceptFriendRequest" time="0.002"/>
  <system-out/>
</testsuite> <!-- com.trello.qspiders.learntestng.DependsOnMethodsCheck -->
