<?xml version="1.0" encoding="UTF-8"?>
<!-- Generated by org.testng.reporters.JUnitReportReporter -->
<testsuite hostname="DesktopMonitor-4th-Floor-room3" failures="0" tests="3" name="com.trello.qspiders.learntestng.Check" time="0.010" errors="0" timestamp="2023-03-24T09:41:13 IST" skipped="0">
  <testcase classname="com.trello.qspiders.learntestng.Check" name="uploadProfilePic" time="0.006"/>
  <system-out/>
  <testcase classname="com.trello.qspiders.learntestng.Check" name="acceptFriendRequest" time="0.002"/>
  <system-out/>
  <testcase classname="com.trello.qspiders.learntestng.Check" name="sendFriendRequest" time="0.002"/>
  <system-out/>
</testsuite> <!-- com.trello.qspiders.learntestng.Check -->
