<?xml version="1.0" encoding="UTF-8"?>
<!-- Generated by org.testng.reporters.JUnitReportReporter -->
<testsuite hostname="DesktopMonitor-4th-Floor-room3" failures="0" tests="4" name="com.trello.qspiders.learntestng.DataDrivenTestingByClass" time="0.013" errors="0" timestamp="2023-03-27T09:05:01 IST" skipped="0">
  <testcase classname="com.trello.qspiders.learntestng.DataDrivenTestingByClass" name="supplyDataToMe" time="0.001"/>
  <system-out/>
  <testcase classname="com.trello.qspiders.learntestng.DataDrivenTestingByClass" name="supplyDataToMe" time="0.006"/>
  <system-out/>
  <testcase classname="com.trello.qspiders.learntestng.DataDrivenTestingByClass" name="supplyDataToMe" time="0.004"/>
  <system-out/>
  <testcase classname="com.trello.qspiders.learntestng.DataDrivenTestingByClass" name="supplyDataToMe" time="0.002"/>
  <system-out/>
</testsuite> <!-- com.trello.qspiders.learntestng.DataDrivenTestingByClass -->
