<?xml version="1.0" encoding="UTF-8"?>
<!-- Generated by org.testng.reporters.JUnitReportReporter -->
<testsuite hostname="DesktopMonitor-4th-Floor-room3" failures="0" tests="1" name="com.trello.qspiders.learntestng.UsageOfBeforeAndAfterMethod" time="12.074" errors="0" timestamp="2023-03-27T09:05:01 IST" skipped="0">
  <testcase classname="com.trello.qspiders.learntestng.UsageOfBeforeAndAfterMethod" name="testcase" time="12.074"/>
  <system-out/>
</testsuite> <!-- com.trello.qspiders.learntestng.UsageOfBeforeAndAfterMethod -->
