<?xml version="1.0" encoding="UTF-8"?>
<!-- Generated by org.testng.reporters.JUnitReportReporter -->
<testsuite hostname="DesktopMonitor-4th-Floor-room3" failures="0" tests="3" name="com.trello.qspiders.learntestng.OrderOfBasicAnnotations" time="0.004" errors="0" timestamp="2023-03-25T08:38:34 IST" skipped="0">
  <testcase classname="com.trello.qspiders.learntestng.OrderOfBasicAnnotations" name="acceptFriendRequest" time="0.002"/>
  <system-out/>
  <testcase classname="com.trello.qspiders.learntestng.OrderOfBasicAnnotations" name="sendFriendRequest" time="0.001"/>
  <system-out/>
  <testcase classname="com.trello.qspiders.learntestng.OrderOfBasicAnnotations" name="uploadProfilePic" time="0.001"/>
  <system-out/>
</testsuite> <!-- com.trello.qspiders.learntestng.OrderOfBasicAnnotations -->
